This file contains any messages produced by compilers while
running configure, to aid debugging if configure makes a mistake.

It was created by Déjà Dup configure 23.90, which was
generated by GNU Autoconf 2.68.  Invocation command line was

  $ ./configure --no-create --no-recursion

## --------- ##
## Platform. ##
## --------- ##

hostname = localhost.localdomain
uname -m = i686
uname -r = 3.3.4-5.fc17.i686.PAE
uname -s = Linux
uname -v = #1 SMP Mon May 7 17:37:39 UTC 2012

/usr/bin/uname -p = i686
/bin/uname -X     = unknown

/bin/arch              = i686
/usr/bin/arch -k       = unknown
/usr/convex/getsysinfo = unknown
/usr/bin/hostinfo      = unknown
/bin/machine           = unknown
/usr/bin/oslevel       = unknown
/bin/universe          = unknown

PATH: /usr/lib/qt-3.3/bin
PATH: /usr/lib/ccache
PATH: /usr/local/bin
PATH: /usr/bin
PATH: /bin
PATH: /usr/local/sbin
PATH: /usr/sbin
PATH: /home/king/.local/bin
PATH: /home/king/bin


## ----------- ##
## Core tests. ##
## ----------- ##

configure:2374: checking for a BSD-compatible install
configure:2442: result: /usr/bin/install -c
configure:2453: checking whether build environment is sane
configure:2503: result: yes
configure:2644: checking for a thread-safe mkdir -p
configure:2683: result: /usr/bin/mkdir -p
configure:2696: checking for gawk
configure:2712: found /usr/bin/gawk
configure:2723: result: gawk
configure:2734: checking whether make sets $(MAKE)
configure:2756: result: yes
configure:2831: checking how to create a ustar tar archive
configure:2844: tar --version
tar (GNU tar) 1.26
Copyright (C) 2011 Free Software Foundation, Inc.
License GPLv3+: GNU GPL version 3 or later <http://gnu.org/licenses/gpl.html>.
This is free software: you are free to change and redistribute it.
There is NO WARRANTY, to the extent permitted by law.

Written by John Gilmore and Jay Fenlason.
configure:2847: $? = 0
configure:2887: tardir=conftest.dir && eval tar --format=ustar -chf - "$tardir" >conftest.tar
configure:2890: $? = 0
configure:2894: tar -xf - <conftest.tar
configure:2897: $? = 0
configure:2910: result: gnutar
configure:2928: checking whether make supports nested variables
configure:2945: result: yes
configure:2957: checking whether ln -s works
configure:2961: result: yes
configure:2987: checking for itstool
configure:3003: found /usr/bin/itstool
configure:3014: result: itstool
configure:3029: checking for xmllint
configure:3045: found /usr/bin/xmllint
configure:3056: result: xmllint
configure:3302: checking for pkg-config
configure:3320: found /usr/bin/pkg-config
configure:3332: result: /usr/bin/pkg-config
configure:3357: checking pkg-config is at least version 0.16
configure:3360: result: yes
configure:3518: checking for gcc
configure:3534: found /usr/lib/ccache/gcc
configure:3545: result: gcc
configure:3774: checking for C compiler version
configure:3783: gcc --version >&5
gcc (GCC) 4.7.0 20120507 (Red Hat 4.7.0-5)
Copyright (C) 2012 Free Software Foundation, Inc.
This is free software; see the source for copying conditions.  There is NO
warranty; not even for MERCHANTABILITY or FITNESS FOR A PARTICULAR PURPOSE.

configure:3794: $? = 0
configure:3783: gcc -v >&5
Using built-in specs.
COLLECT_GCC=/usr/bin/gcc
COLLECT_LTO_WRAPPER=/usr/libexec/gcc/i686-redhat-linux/4.7.0/lto-wrapper
Target: i686-redhat-linux
Configured with: ../configure --prefix=/usr --mandir=/usr/share/man --infodir=/usr/share/info --with-bugurl=http://bugzilla.redhat.com/bugzilla --enable-bootstrap --enable-shared --enable-threads=posix --enable-checking=release --disable-build-with-cxx --disable-build-poststage1-with-cxx --with-system-zlib --enable-__cxa_atexit --disable-libunwind-exceptions --enable-gnu-unique-object --enable-linker-build-id --with-linker-hash-style=gnu --enable-languages=c,c++,objc,obj-c++,java,fortran,ada,go,lto --enable-plugin --enable-initfini-array --enable-java-awt=gtk --disable-dssi --with-java-home=/usr/lib/jvm/java-1.5.0-gcj-1.5.0.0/jre --enable-libgcj-multifile --enable-java-maintainer-mode --with-ecj-jar=/usr/share/java/eclipse-ecj.jar --disable-libjava-multilib --with-ppl --with-cloog --with-tune=generic --with-arch=i686 --build=i686-redhat-linux
Thread model: posix
gcc version 4.7.0 20120507 (Red Hat 4.7.0-5) (GCC) 
configure:3794: $? = 0
configure:3783: gcc -V >&5
gcc: error: unrecognized command line option '-V'
gcc: fatal error: no input files
compilation terminated.
configure:3794: $? = 4
configure:3783: gcc -qversion >&5
gcc: error: unrecognized command line option '-qversion'
gcc: fatal error: no input files
compilation terminated.
configure:3794: $? = 4
configure:3814: checking whether the C compiler works
configure:3836: gcc    conftest.c  >&5
configure:3840: $? = 0
configure:3888: result: yes
configure:3891: checking for C compiler default output file name
configure:3893: result: a.out
configure:3899: checking for suffix of executables
configure:3906: gcc -o conftest    conftest.c  >&5
configure:3910: $? = 0
configure:3932: result: 
configure:3954: checking whether we are cross compiling
configure:3962: gcc -o conftest    conftest.c  >&5
configure:3966: $? = 0
configure:3973: ./conftest
configure:3977: $? = 0
configure:3992: result: no
configure:3997: checking for suffix of object files
configure:4019: gcc -c   conftest.c >&5
configure:4023: $? = 0
configure:4044: result: o
configure:4048: checking whether we are using the GNU C compiler
configure:4067: gcc -c   conftest.c >&5
configure:4067: $? = 0
configure:4076: result: yes
configure:4085: checking whether gcc accepts -g
configure:4105: gcc -c -g  conftest.c >&5
configure:4105: $? = 0
configure:4146: result: yes
configure:4163: checking for gcc option to accept ISO C89
configure:4227: gcc  -c -g -O2  conftest.c >&5
configure:4227: $? = 0
configure:4240: result: none needed
configure:4271: checking for style of include used by make
configure:4299: result: GNU
configure:4325: checking dependency style of gcc
configure:4436: result: gcc3
configure:4452: checking whether make sets $(MAKE)
configure:4474: result: yes
configure:4514: checking build system type
configure:4528: result: i686-pc-linux-gnu
configure:4548: checking host system type
configure:4561: result: i686-pc-linux-gnu
configure:4602: checking how to print strings
configure:4629: result: printf
configure:4650: checking for a sed that does not truncate output
configure:4714: result: /usr/bin/sed
configure:4732: checking for grep that handles long lines and -e
configure:4790: result: /usr/bin/grep
configure:4795: checking for egrep
configure:4857: result: /usr/bin/grep -E
configure:4862: checking for fgrep
configure:4924: result: /usr/bin/grep -F
configure:4959: checking for ld used by gcc
configure:5026: result: /usr/bin/ld
configure:5033: checking if the linker (/usr/bin/ld) is GNU ld
configure:5048: result: yes
configure:5060: checking for BSD- or MS-compatible name lister (nm)
configure:5109: result: /usr/bin/nm -B
configure:5239: checking the name lister (/usr/bin/nm -B) interface
configure:5246: gcc -c -g -O2  conftest.c >&5
configure:5249: /usr/bin/nm -B "conftest.o"
configure:5252: output
00000000 B some_variable
configure:5259: result: BSD nm
configure:5263: checking the maximum length of command line arguments
configure:5393: result: 1572864
configure:5410: checking whether the shell understands some XSI constructs
configure:5420: result: yes
configure:5424: checking whether the shell understands "+="
configure:5430: result: yes
configure:5465: checking how to convert i686-pc-linux-gnu file names to i686-pc-linux-gnu format
configure:5505: result: func_convert_file_noop
configure:5512: checking how to convert i686-pc-linux-gnu file names to toolchain format
configure:5532: result: func_convert_file_noop
configure:5539: checking for /usr/bin/ld option to reload object files
configure:5546: result: -r
configure:5620: checking for objdump
configure:5636: found /usr/bin/objdump
configure:5647: result: objdump
configure:5679: checking how to recognize dependent libraries
configure:5881: result: pass_all
configure:5966: checking for dlltool
configure:5996: result: no
configure:6026: checking how to associate runtime and link libraries
configure:6053: result: printf %s\n
configure:6114: checking for ar
configure:6130: found /usr/bin/ar
configure:6141: result: ar
configure:6178: checking for archiver @FILE support
configure:6195: gcc -c -g -O2  conftest.c >&5
configure:6195: $? = 0
configure:6198: ar cru libconftest.a @conftest.lst >&5
configure:6201: $? = 0
configure:6206: ar cru libconftest.a @conftest.lst >&5
ar: conftest.o: No such file or directory
configure:6209: $? = 1
configure:6221: result: @
configure:6279: checking for strip
configure:6295: found /usr/bin/strip
configure:6306: result: strip
configure:6378: checking for ranlib
configure:6394: found /usr/bin/ranlib
configure:6405: result: ranlib
configure:6507: checking command to parse /usr/bin/nm -B output from gcc object
configure:6627: gcc -c -g -O2  conftest.c >&5
configure:6630: $? = 0
configure:6634: /usr/bin/nm -B conftest.o \| sed -n -e 's/^.*[ ]\([ABCDGIRSTW][ABCDGIRSTW]*\)[ ][ ]*\([_A-Za-z][_A-Za-z0-9]*\)$/\1 \2 \2/p' | sed '/ __gnu_lto/d' \> conftest.nm
configure:6637: $? = 0
configure:6703: gcc -o conftest -g -O2   conftest.c conftstm.o >&5
configure:6706: $? = 0
configure:6744: result: ok
configure:6781: checking for sysroot
configure:6811: result: no
configure:7067: checking for mt
configure:7097: result: no
configure:7117: checking if : is a manifest tool
configure:7123: : '-?'
configure:7131: result: no
configure:7773: checking how to run the C preprocessor
configure:7804: gcc -E  conftest.c
configure:7804: $? = 0
configure:7818: gcc -E  conftest.c
conftest.c:11:28: fatal error: ac_nonexistent.h: No such file or directory
compilation terminated.
configure:7818: $? = 1
configure: failed program was:
| /* confdefs.h */
| #define PACKAGE_NAME "Déjà Dup"
| #define PACKAGE_TARNAME "deja-dup"
| #define PACKAGE_VERSION "23.90"
| #define PACKAGE_STRING "Déjà Dup 23.90"
| #define PACKAGE_BUGREPORT "https://bugs.launchpad.net/deja-dup/+filebug"
| #define PACKAGE_URL "https://launchpad.net/deja-dup"
| #define PACKAGE "deja-dup"
| #define VERSION "23.90"
| /* end confdefs.h.  */
| #include <ac_nonexistent.h>
configure:7843: result: gcc -E
configure:7863: gcc -E  conftest.c
configure:7863: $? = 0
configure:7877: gcc -E  conftest.c
conftest.c:11:28: fatal error: ac_nonexistent.h: No such file or directory
compilation terminated.
configure:7877: $? = 1
configure: failed program was:
| /* confdefs.h */
| #define PACKAGE_NAME "Déjà Dup"
| #define PACKAGE_TARNAME "deja-dup"
| #define PACKAGE_VERSION "23.90"
| #define PACKAGE_STRING "Déjà Dup 23.90"
| #define PACKAGE_BUGREPORT "https://bugs.launchpad.net/deja-dup/+filebug"
| #define PACKAGE_URL "https://launchpad.net/deja-dup"
| #define PACKAGE "deja-dup"
| #define VERSION "23.90"
| /* end confdefs.h.  */
| #include <ac_nonexistent.h>
configure:7906: checking for ANSI C header files
configure:7926: gcc -c -g -O2  conftest.c >&5
configure:7926: $? = 0
configure:7999: gcc -o conftest -g -O2   conftest.c  >&5
configure:7999: $? = 0
configure:7999: ./conftest
configure:7999: $? = 0
configure:8010: result: yes
configure:8023: checking for sys/types.h
configure:8023: gcc -c -g -O2  conftest.c >&5
configure:8023: $? = 0
configure:8023: result: yes
configure:8023: checking for sys/stat.h
configure:8023: gcc -c -g -O2  conftest.c >&5
configure:8023: $? = 0
configure:8023: result: yes
configure:8023: checking for stdlib.h
configure:8023: gcc -c -g -O2  conftest.c >&5
configure:8023: $? = 0
configure:8023: result: yes
configure:8023: checking for string.h
configure:8023: gcc -c -g -O2  conftest.c >&5
configure:8023: $? = 0
configure:8023: result: yes
configure:8023: checking for memory.h
configure:8023: gcc -c -g -O2  conftest.c >&5
configure:8023: $? = 0
configure:8023: result: yes
configure:8023: checking for strings.h
configure:8023: gcc -c -g -O2  conftest.c >&5
configure:8023: $? = 0
configure:8023: result: yes
configure:8023: checking for inttypes.h
configure:8023: gcc -c -g -O2  conftest.c >&5
configure:8023: $? = 0
configure:8023: result: yes
configure:8023: checking for stdint.h
configure:8023: gcc -c -g -O2  conftest.c >&5
configure:8023: $? = 0
configure:8023: result: yes
configure:8023: checking for unistd.h
configure:8023: gcc -c -g -O2  conftest.c >&5
configure:8023: $? = 0
configure:8023: result: yes
configure:8037: checking for dlfcn.h
configure:8037: gcc -c -g -O2  conftest.c >&5
configure:8037: $? = 0
configure:8037: result: yes
configure:8243: checking for objdir
configure:8258: result: .libs
configure:8529: checking if gcc supports -fno-rtti -fno-exceptions
configure:8547: gcc -c -g -O2  -fno-rtti -fno-exceptions conftest.c >&5
cc1: warning: command line option '-fno-rtti' is valid for C++/ObjC++ but not for C [enabled by default]
cc1: warning: command line option '-fno-rtti' is valid for C++/ObjC++ but not for C [enabled by default]
configure:8551: $? = 0
configure:8564: result: no
configure:8891: checking for gcc option to produce PIC
configure:8898: result: -fPIC -DPIC
configure:8906: checking if gcc PIC flag -fPIC -DPIC works
configure:8924: gcc -c -g -O2  -fPIC -DPIC -DPIC conftest.c >&5
configure:8928: $? = 0
configure:8941: result: yes
configure:8970: checking if gcc static flag -static works
configure:8998: result: no
configure:9013: checking if gcc supports -c -o file.o
configure:9034: gcc -c -g -O2  -o out/conftest2.o conftest.c >&5
configure:9038: $? = 0
configure:9060: result: yes
configure:9068: checking if gcc supports -c -o file.o
configure:9115: result: yes
configure:9148: checking whether the gcc linker (/usr/bin/ld) supports shared libraries
configure:10301: result: yes
configure:10338: checking whether -lc should be explicitly linked in
configure:10346: gcc -c -g -O2  conftest.c >&5
configure:10349: $? = 0
configure:10364: gcc -shared  -fPIC -DPIC conftest.o  -v -Wl,-soname -Wl,conftest -o conftest 2\>\&1 \| /usr/bin/grep  -lc  \>/dev/null 2\>\&1
configure:10367: $? = 0
configure:10381: result: no
configure:10541: checking dynamic linker characteristics
configure:11052: gcc -o conftest -g -O2   -Wl,-rpath -Wl,/foo conftest.c  >&5
configure:11052: $? = 0
configure:11278: result: GNU/Linux ld.so
configure:11385: checking how to hardcode library paths into programs
configure:11410: result: immediate
configure:11950: checking whether stripping libraries is possible
configure:11955: result: yes
configure:11990: checking if libtool supports shared libraries
configure:11992: result: yes
configure:11995: checking whether to build shared libraries
configure:12016: result: yes
configure:12019: checking whether to build static libraries
configure:12023: result: yes
configure:12114: checking for pkg-config
configure:12144: result: /usr/bin/pkg-config
configure:12169: checking pkg-config is at least version 0.24
configure:12172: result: yes
configure:12185: checking for valac-0.18
configure:12218: result: no
configure:12185: checking for valac-0.16
configure:12203: found /usr/bin/valac-0.16
configure:12215: result: /usr/bin/valac-0.16
configure:12230: checking /usr/bin/valac-0.16 is at least version 0.16.0
configure:12238: result: yes
configure:12268: checking whether NLS is requested
configure:12277: result: yes
configure:12318: checking for msgfmt
configure: trying /usr/bin/msgfmt...
0 translated messages.
configure:12350: result: /usr/bin/msgfmt
configure:12359: checking for gmsgfmt
configure:12390: result: /usr/bin/msgfmt
configure:12441: checking for xgettext
configure: trying /usr/bin/xgettext...
/usr/bin/xgettext: warning: file `/dev/null' extension `' is unknown; will try C
configure:12473: result: /usr/bin/xgettext
configure:12519: checking for msgmerge
configure: trying /usr/bin/msgmerge...
configure:12550: result: /usr/bin/msgmerge
configure:12607: checking for ld used by GCC
configure:12671: result: /usr/bin/ld
configure:12678: checking if the linker (/usr/bin/ld) is GNU ld
configure:12691: result: yes
configure:12698: checking for shared library run path origin
configure:12711: result: done
configure:13212: checking for CFPreferencesCopyAppValue
configure:13230: gcc -o conftest -g -O2   conftest.c  -Wl,-framework -Wl,CoreFoundation >&5
conftest.c:24:42: fatal error: CoreFoundation/CFPreferences.h: No such file or directory
compilation terminated.
configure:13230: $? = 1
configure: failed program was:
| /* confdefs.h */
| #define PACKAGE_NAME "Déjà Dup"
| #define PACKAGE_TARNAME "deja-dup"
| #define PACKAGE_VERSION "23.90"
| #define PACKAGE_STRING "Déjà Dup 23.90"
| #define PACKAGE_BUGREPORT "https://bugs.launchpad.net/deja-dup/+filebug"
| #define PACKAGE_URL "https://launchpad.net/deja-dup"
| #define PACKAGE "deja-dup"
| #define VERSION "23.90"
| #define STDC_HEADERS 1
| #define HAVE_SYS_TYPES_H 1
| #define HAVE_SYS_STAT_H 1
| #define HAVE_STDLIB_H 1
| #define HAVE_STRING_H 1
| #define HAVE_MEMORY_H 1
| #define HAVE_STRINGS_H 1
| #define HAVE_INTTYPES_H 1
| #define HAVE_STDINT_H 1
| #define HAVE_UNISTD_H 1
| #define HAVE_DLFCN_H 1
| #define LT_OBJDIR ".libs/"
| #define GETTEXT_PACKAGE "deja-dup"
| /* end confdefs.h.  */
| #include <CoreFoundation/CFPreferences.h>
| int
| main ()
| {
| CFPreferencesCopyAppValue(NULL, NULL)
|   ;
|   return 0;
| }
configure:13239: result: no
configure:13246: checking for CFLocaleCopyCurrent
configure:13264: gcc -o conftest -g -O2   conftest.c  -Wl,-framework -Wl,CoreFoundation >&5
conftest.c:24:37: fatal error: CoreFoundation/CFLocale.h: No such file or directory
compilation terminated.
configure:13264: $? = 1
configure: failed program was:
| /* confdefs.h */
| #define PACKAGE_NAME "Déjà Dup"
| #define PACKAGE_TARNAME "deja-dup"
| #define PACKAGE_VERSION "23.90"
| #define PACKAGE_STRING "Déjà Dup 23.90"
| #define PACKAGE_BUGREPORT "https://bugs.launchpad.net/deja-dup/+filebug"
| #define PACKAGE_URL "https://launchpad.net/deja-dup"
| #define PACKAGE "deja-dup"
| #define VERSION "23.90"
| #define STDC_HEADERS 1
| #define HAVE_SYS_TYPES_H 1
| #define HAVE_SYS_STAT_H 1
| #define HAVE_STDLIB_H 1
| #define HAVE_STRING_H 1
| #define HAVE_MEMORY_H 1
| #define HAVE_STRINGS_H 1
| #define HAVE_INTTYPES_H 1
| #define HAVE_STDINT_H 1
| #define HAVE_UNISTD_H 1
| #define HAVE_DLFCN_H 1
| #define LT_OBJDIR ".libs/"
| #define GETTEXT_PACKAGE "deja-dup"
| /* end confdefs.h.  */
| #include <CoreFoundation/CFLocale.h>
| int
| main ()
| {
| CFLocaleCopyCurrent();
|   ;
|   return 0;
| }
configure:13273: result: no
configure:13322: checking for GNU gettext in libc
configure:13342: gcc -o conftest -g -O2   conftest.c  >&5
configure:13342: $? = 0
configure:13351: result: yes
configure:14097: checking whether to use NLS
configure:14099: result: yes
configure:14102: checking where the gettext function comes from
configure:14113: result: libc
configure:14185: checking for intltool >= 0.40
configure:14187: result: 0.50.2 found
configure:14195: checking for intltool-update
configure:14213: found /usr/bin/intltool-update
configure:14225: result: /usr/bin/intltool-update
configure:14235: checking for intltool-merge
configure:14253: found /usr/bin/intltool-merge
configure:14265: result: /usr/bin/intltool-merge
configure:14275: checking for intltool-extract
configure:14293: found /usr/bin/intltool-extract
configure:14305: result: /usr/bin/intltool-extract
configure:14459: checking for xgettext
configure:14489: result: /usr/bin/xgettext
configure:14499: checking for msgmerge
configure:14529: result: /usr/bin/msgmerge
configure:14539: checking for msgfmt
configure:14569: result: /usr/bin/msgfmt
configure:14579: checking for gmsgfmt
configure:14610: result: /usr/bin/msgfmt
configure:14630: checking for perl
configure:14648: found /usr/bin/perl
configure:14660: result: /usr/bin/perl
configure:14671: checking for perl >= 5.8.1
configure:14678: result: 5.14.2
configure:14682: checking for XML::Parser
configure:14685: result: ok
configure:14710: gcc -o conftest -g -O2   conftest.c  >&5
configure:14710: $? = 0
configure:14770: checking for DUP
configure:14783: $PKG_CONFIG --exists --print-errors "$GTK_MODULE >= $GTK_REQ_VER
                  gio-2.0 >= $GIO_REQ_VER
                  gio-unix-2.0 >= $GIO_REQ_VER
                  gnome-keyring-1
                  libpeas-1.0
                  gmodule-2.0 >= $GLIB_REQ_VER
                  libnotify >= $NOTIFY_REQ_VER"
configure:14792: $? = 0
configure:14817: $PKG_CONFIG --exists --print-errors "$GTK_MODULE >= $GTK_REQ_VER
                  gio-2.0 >= $GIO_REQ_VER
                  gio-unix-2.0 >= $GIO_REQ_VER
                  gnome-keyring-1
                  libpeas-1.0
                  gmodule-2.0 >= $GLIB_REQ_VER
                  libnotify >= $NOTIFY_REQ_VER"
configure:14826: $? = 0
configure:14909: result: yes
configure:14916: checking for PREF
configure:14925: $PKG_CONFIG --exists --print-errors "$GTK_MODULE >= $GTK_REQ_VER
                  gio-2.0 >= $GIO_REQ_VER
                  libpeas-1.0"
configure:14930: $? = 0
configure:14947: $PKG_CONFIG --exists --print-errors "$GTK_MODULE >= $GTK_REQ_VER
                  gio-2.0 >= $GIO_REQ_VER
                  libpeas-1.0"
configure:14952: $? = 0
configure:15019: result: yes
configure:15026: checking for COMMON
configure:15037: $PKG_CONFIG --exists --print-errors "gio-2.0 >= $GIO_REQ_VER
                  gio-unix-2.0 >= $GIO_REQ_VER
                  gnome-keyring-1
                  libpeas-1.0
                  gmodule-2.0 >= $GLIB_REQ_VER"
configure:15044: $? = 0
configure:15065: $PKG_CONFIG --exists --print-errors "gio-2.0 >= $GIO_REQ_VER
                  gio-unix-2.0 >= $GIO_REQ_VER
                  gnome-keyring-1
                  libpeas-1.0
                  gmodule-2.0 >= $GLIB_REQ_VER"
configure:15072: $? = 0
configure:15147: result: yes
configure:15154: checking for WIDGETS
configure:15164: $PKG_CONFIG --exists --print-errors "gmodule-2.0 >= $GLIB_REQ_VER
                  $GTK_MODULE >= $GTK_REQ_VER
                  libpeas-1.0
                  libnotify >= $NOTIFY_REQ_VER"
configure:15170: $? = 0
configure:15189: $PKG_CONFIG --exists --print-errors "gmodule-2.0 >= $GLIB_REQ_VER
                  $GTK_MODULE >= $GTK_REQ_VER
                  libpeas-1.0
                  libnotify >= $NOTIFY_REQ_VER"
configure:15195: $? = 0
configure:15266: result: yes
configure:15273: checking for MONITOR
configure:15282: $PKG_CONFIG --exists --print-errors "gio-2.0 >= $GIO_REQ_VER
                  libpeas-1.0
                  libnotify >= $NOTIFY_REQ_VER"
configure:15287: $? = 0
configure:15304: $PKG_CONFIG --exists --print-errors "gio-2.0 >= $GIO_REQ_VER
                  libpeas-1.0
                  libnotify >= $NOTIFY_REQ_VER"
configure:15309: $? = 0
configure:15376: result: yes
configure:15401: checking for CCPANEL
configure:15408: $PKG_CONFIG --exists --print-errors "libgnome-control-center"
Package libgnome-control-center was not found in the pkg-config search path.
Perhaps you should add the directory containing `libgnome-control-center.pc'
to the PKG_CONFIG_PATH environment variable
No package 'libgnome-control-center' found
configure:15411: $? = 1
configure:15424: $PKG_CONFIG --exists --print-errors "libgnome-control-center"
Package libgnome-control-center was not found in the pkg-config search path.
Perhaps you should add the directory containing `libgnome-control-center.pc'
to the PKG_CONFIG_PATH environment variable
No package 'libgnome-control-center' found
configure:15427: $? = 1
configure:15440: result: no
No package 'libgnome-control-center' found
configure:15509: checking for NAUTILUS
configure:15517: $PKG_CONFIG --exists --print-errors "libnautilus-extension
                               glib-2.0 >= $GLIB_REQ_VER"
configure:15521: $? = 0
configure:15536: $PKG_CONFIG --exists --print-errors "libnautilus-extension
                               glib-2.0 >= $GLIB_REQ_VER"
configure:15540: $? = 0
configure:15594: result: yes
configure:15626: checking for UNITY
configure:15633: $PKG_CONFIG --exists --print-errors "unity >= 3.4.2"
Package unity was not found in the pkg-config search path.
Perhaps you should add the directory containing `unity.pc'
to the PKG_CONFIG_PATH environment variable
No package 'unity' found
configure:15636: $? = 1
configure:15649: $PKG_CONFIG --exists --print-errors "unity >= 3.4.2"
Package unity was not found in the pkg-config search path.
Perhaps you should add the directory containing `unity.pc'
to the PKG_CONFIG_PATH environment variable
No package 'unity' found
configure:15652: $? = 1
configure:15665: result: no
No package 'unity' found
configure:15858: creating ./config.status

## ---------------- ##
## Cache variables. ##
## ---------------- ##

ac_cv_build=i686-pc-linux-gnu
ac_cv_c_compiler_gnu=yes
ac_cv_env_CCPANEL_CFLAGS_set=
ac_cv_env_CCPANEL_CFLAGS_value=
ac_cv_env_CCPANEL_LIBS_set=
ac_cv_env_CCPANEL_LIBS_value=
ac_cv_env_CC_set=
ac_cv_env_CC_value=
ac_cv_env_CFLAGS_set=
ac_cv_env_CFLAGS_value=
ac_cv_env_COMMON_CFLAGS_set=
ac_cv_env_COMMON_CFLAGS_value=
ac_cv_env_COMMON_LIBS_set=
ac_cv_env_COMMON_LIBS_value=
ac_cv_env_CPPFLAGS_set=
ac_cv_env_CPPFLAGS_value=
ac_cv_env_CPP_set=
ac_cv_env_CPP_value=
ac_cv_env_DUP_CFLAGS_set=
ac_cv_env_DUP_CFLAGS_value=
ac_cv_env_DUP_LIBS_set=
ac_cv_env_DUP_LIBS_value=
ac_cv_env_ITSTOOL_set=
ac_cv_env_ITSTOOL_value=
ac_cv_env_LDFLAGS_set=
ac_cv_env_LDFLAGS_value=
ac_cv_env_LIBS_set=
ac_cv_env_LIBS_value=
ac_cv_env_MONITOR_CFLAGS_set=
ac_cv_env_MONITOR_CFLAGS_value=
ac_cv_env_MONITOR_LIBS_set=
ac_cv_env_MONITOR_LIBS_value=
ac_cv_env_NAUTILUS_CFLAGS_set=
ac_cv_env_NAUTILUS_CFLAGS_value=
ac_cv_env_NAUTILUS_LIBS_set=
ac_cv_env_NAUTILUS_LIBS_value=
ac_cv_env_PKG_CONFIG_LIBDIR_set=
ac_cv_env_PKG_CONFIG_LIBDIR_value=
ac_cv_env_PKG_CONFIG_PATH_set=
ac_cv_env_PKG_CONFIG_PATH_value=
ac_cv_env_PKG_CONFIG_set=
ac_cv_env_PKG_CONFIG_value=
ac_cv_env_PREF_CFLAGS_set=
ac_cv_env_PREF_CFLAGS_value=
ac_cv_env_PREF_LIBS_set=
ac_cv_env_PREF_LIBS_value=
ac_cv_env_UNITY_CFLAGS_set=
ac_cv_env_UNITY_CFLAGS_value=
ac_cv_env_UNITY_LIBS_set=
ac_cv_env_UNITY_LIBS_value=
ac_cv_env_WIDGETS_CFLAGS_set=
ac_cv_env_WIDGETS_CFLAGS_value=
ac_cv_env_WIDGETS_LIBS_set=
ac_cv_env_WIDGETS_LIBS_value=
ac_cv_env_XMLLINT_set=
ac_cv_env_XMLLINT_value=
ac_cv_env_build_alias_set=
ac_cv_env_build_alias_value=
ac_cv_env_host_alias_set=
ac_cv_env_host_alias_value=
ac_cv_env_target_alias_set=
ac_cv_env_target_alias_value=
ac_cv_header_dlfcn_h=yes
ac_cv_header_inttypes_h=yes
ac_cv_header_memory_h=yes
ac_cv_header_stdc=yes
ac_cv_header_stdint_h=yes
ac_cv_header_stdlib_h=yes
ac_cv_header_string_h=yes
ac_cv_header_strings_h=yes
ac_cv_header_sys_stat_h=yes
ac_cv_header_sys_types_h=yes
ac_cv_header_unistd_h=yes
ac_cv_host=i686-pc-linux-gnu
ac_cv_objext=o
ac_cv_path_EGREP='/usr/bin/grep -E'
ac_cv_path_FGREP='/usr/bin/grep -F'
ac_cv_path_GMSGFMT=/usr/bin/msgfmt
ac_cv_path_GREP=/usr/bin/grep
ac_cv_path_INTLTOOL_EXTRACT=/usr/bin/intltool-extract
ac_cv_path_INTLTOOL_MERGE=/usr/bin/intltool-merge
ac_cv_path_INTLTOOL_PERL=/usr/bin/perl
ac_cv_path_INTLTOOL_UPDATE=/usr/bin/intltool-update
ac_cv_path_MSGFMT=/usr/bin/msgfmt
ac_cv_path_MSGMERGE=/usr/bin/msgmerge
ac_cv_path_SED=/usr/bin/sed
ac_cv_path_VALAC=/usr/bin/valac-0.16
ac_cv_path_XGETTEXT=/usr/bin/xgettext
ac_cv_path_ac_pt_PKG_CONFIG=/usr/bin/pkg-config
ac_cv_path_install='/usr/bin/install -c'
ac_cv_path_mkdir=/usr/bin/mkdir
ac_cv_prog_AWK=gawk
ac_cv_prog_CPP='gcc -E'
ac_cv_prog_ITSTOOL=itstool
ac_cv_prog_XMLLINT=xmllint
ac_cv_prog_ac_ct_AR=ar
ac_cv_prog_ac_ct_CC=gcc
ac_cv_prog_ac_ct_OBJDUMP=objdump
ac_cv_prog_ac_ct_RANLIB=ranlib
ac_cv_prog_ac_ct_STRIP=strip
ac_cv_prog_cc_c89=
ac_cv_prog_cc_g=yes
ac_cv_prog_make_make_set=yes
acl_cv_hardcode_direct=no
acl_cv_hardcode_libdir_flag_spec='${wl}-rpath ${wl}$libdir'
acl_cv_hardcode_libdir_separator=
acl_cv_hardcode_minus_L=no
acl_cv_libext=a
acl_cv_libname_spec='lib$name'
acl_cv_library_names_spec='$libname$shrext'
acl_cv_path_LD=/usr/bin/ld
acl_cv_prog_gnu_ld=yes
acl_cv_rpath=done
acl_cv_shlibext=so
acl_cv_wl=-Wl,
am_cv_CC_dependencies_compiler_type=gcc3
am_cv_make_support_nested_variables=yes
am_cv_prog_tar_ustar=gnutar
gt_cv_func_CFLocaleCopyCurrent=no
gt_cv_func_CFPreferencesCopyAppValue=no
gt_cv_func_gnugettext1_libc=yes
lt_cv_ar_at_file=@
lt_cv_archive_cmds_need_lc=no
lt_cv_deplibs_check_method=pass_all
lt_cv_file_magic_cmd='$MAGIC_CMD'
lt_cv_file_magic_test_file=
lt_cv_ld_reload_flag=-r
lt_cv_nm_interface='BSD nm'
lt_cv_objdir=.libs
lt_cv_path_LD=/usr/bin/ld
lt_cv_path_NM='/usr/bin/nm -B'
lt_cv_path_mainfest_tool=no
lt_cv_prog_compiler_c_o=yes
lt_cv_prog_compiler_pic='-fPIC -DPIC'
lt_cv_prog_compiler_pic_works=yes
lt_cv_prog_compiler_rtti_exceptions=no
lt_cv_prog_compiler_static_works=no
lt_cv_prog_gnu_ld=yes
lt_cv_sharedlib_from_linklib_cmd='printf %s\n'
lt_cv_shlibpath_overrides_runpath=no
lt_cv_sys_global_symbol_pipe='sed -n -e '\''s/^.*[	 ]\([ABCDGIRSTW][ABCDGIRSTW]*\)[	 ][	 ]*\([_A-Za-z][_A-Za-z0-9]*\)$/\1 \2 \2/p'\'' | sed '\''/ __gnu_lto/d'\'''
lt_cv_sys_global_symbol_to_c_name_address='sed -n -e '\''s/^: \([^ ]*\)[ ]*$/  {\"\1\", (void *) 0},/p'\'' -e '\''s/^[ABCDGIRSTW]* \([^ ]*\) \([^ ]*\)$/  {"\2", (void *) \&\2},/p'\'''
lt_cv_sys_global_symbol_to_c_name_address_lib_prefix='sed -n -e '\''s/^: \([^ ]*\)[ ]*$/  {\"\1\", (void *) 0},/p'\'' -e '\''s/^[ABCDGIRSTW]* \([^ ]*\) \(lib[^ ]*\)$/  {"\2", (void *) \&\2},/p'\'' -e '\''s/^[ABCDGIRSTW]* \([^ ]*\) \([^ ]*\)$/  {"lib\2", (void *) \&\2},/p'\'''
lt_cv_sys_global_symbol_to_cdecl='sed -n -e '\''s/^T .* \(.*\)$/extern int \1();/p'\'' -e '\''s/^[ABCDGIRSTW]* .* \(.*\)$/extern char \1;/p'\'''
lt_cv_sys_max_cmd_len=1572864
lt_cv_to_host_file_cmd=func_convert_file_noop
lt_cv_to_tool_file_cmd=func_convert_file_noop
pkg_cv_COMMON_CFLAGS='-pthread -I/usr/include/glib-2.0 -I/usr/lib/glib-2.0/include -I/usr/include/gio-unix-2.0/ -I/usr/include/gnome-keyring-1 -I/usr/include/libpeas-1.0 -I/usr/include/gobject-introspection-1.0 -I/usr/lib/libffi-3.0.10/include  '
pkg_cv_COMMON_LIBS='-Wl,--export-dynamic -pthread -lgnome-keyring -lpeas-1.0 -lgio-2.0 -lgirepository-1.0 -lgobject-2.0 -lgthread-2.0 -lffi -lgmodule-2.0 -lrt -lglib-2.0  '
pkg_cv_DUP_CFLAGS='-pthread -I/usr/include/gtk-3.0 -I/usr/include/pango-1.0 -I/usr/include/gio-unix-2.0/ -I/usr/include/atk-1.0 -I/usr/include/cairo -I/usr/include/gdk-pixbuf-2.0 -I/usr/include/freetype2 -I/usr/include/glib-2.0 -I/usr/lib/glib-2.0/include -I/usr/include/pixman-1 -I/usr/include/libpng15 -I/usr/include/gnome-keyring-1 -I/usr/include/libpeas-1.0 -I/usr/include/gobject-introspection-1.0 -I/usr/lib/libffi-3.0.10/include  '
pkg_cv_DUP_LIBS='-Wl,--export-dynamic -pthread -lgtk-3 -lgdk-3 -latk-1.0 -lpangocairo-1.0 -lcairo-gobject -lpango-1.0 -lcairo -lgnome-keyring -lpeas-1.0 -lgirepository-1.0 -lgthread-2.0 -lffi -lgmodule-2.0 -lrt -lnotify -lgdk_pixbuf-2.0 -lgio-2.0 -lgobject-2.0 -lglib-2.0  '
pkg_cv_MONITOR_CFLAGS='-pthread -I/usr/include/glib-2.0 -I/usr/lib/glib-2.0/include -I/usr/include/libpeas-1.0 -I/usr/include/gobject-introspection-1.0 -I/usr/lib/libffi-3.0.10/include -I/usr/include/gdk-pixbuf-2.0 -I/usr/include/libpng15  '
pkg_cv_MONITOR_LIBS='-Wl,--export-dynamic -pthread -lpeas-1.0 -lgirepository-1.0 -lgmodule-2.0 -lgthread-2.0 -lrt -lffi -lnotify -lgdk_pixbuf-2.0 -lgio-2.0 -lgobject-2.0 -lglib-2.0  '
pkg_cv_NAUTILUS_CFLAGS='-pthread -I/usr/include/nautilus -I/usr/include/glib-2.0 -I/usr/lib/glib-2.0/include -I/usr/include/gtk-3.0 -I/usr/include/pango-1.0 -I/usr/include/gio-unix-2.0/ -I/usr/include/atk-1.0 -I/usr/include/cairo -I/usr/include/gdk-pixbuf-2.0 -I/usr/include/freetype2 -I/usr/include/pixman-1 -I/usr/include/libpng15  '
pkg_cv_NAUTILUS_LIBS='-lnautilus-extension -lgtk-3 -lgdk-3 -latk-1.0 -lgio-2.0 -lpangocairo-1.0 -lgdk_pixbuf-2.0 -lcairo-gobject -lpango-1.0 -lcairo -lgobject-2.0 -lglib-2.0  '
pkg_cv_PREF_CFLAGS='-pthread -I/usr/include/gtk-3.0 -I/usr/include/pango-1.0 -I/usr/include/gio-unix-2.0/ -I/usr/include/atk-1.0 -I/usr/include/cairo -I/usr/include/gdk-pixbuf-2.0 -I/usr/include/freetype2 -I/usr/include/glib-2.0 -I/usr/lib/glib-2.0/include -I/usr/include/pixman-1 -I/usr/include/libpng15 -I/usr/include/libpeas-1.0 -I/usr/include/gobject-introspection-1.0 -I/usr/lib/libffi-3.0.10/include  '
pkg_cv_PREF_LIBS='-Wl,--export-dynamic -pthread -lgtk-3 -lgdk-3 -latk-1.0 -lpangocairo-1.0 -lgdk_pixbuf-2.0 -lcairo-gobject -lpango-1.0 -lcairo -lpeas-1.0 -lgio-2.0 -lgirepository-1.0 -lgobject-2.0 -lgmodule-2.0 -lgthread-2.0 -lrt -lffi -lglib-2.0  '
pkg_cv_WIDGETS_CFLAGS='-pthread -I/usr/include/glib-2.0 -I/usr/lib/glib-2.0/include -I/usr/include/gtk-3.0 -I/usr/include/pango-1.0 -I/usr/include/gio-unix-2.0/ -I/usr/include/atk-1.0 -I/usr/include/cairo -I/usr/include/gdk-pixbuf-2.0 -I/usr/include/freetype2 -I/usr/include/pixman-1 -I/usr/include/libpng15 -I/usr/include/libpeas-1.0 -I/usr/include/gobject-introspection-1.0 -I/usr/lib/libffi-3.0.10/include  '
pkg_cv_WIDGETS_LIBS='-Wl,--export-dynamic -pthread -lgtk-3 -lgdk-3 -latk-1.0 -lpangocairo-1.0 -lcairo-gobject -lpango-1.0 -lcairo -lpeas-1.0 -lgirepository-1.0 -lgmodule-2.0 -lgthread-2.0 -lrt -lffi -lnotify -lgdk_pixbuf-2.0 -lgio-2.0 -lgobject-2.0 -lglib-2.0  '

## ----------------- ##
## Output variables. ##
## ----------------- ##

























		$(INSTALL_DATA) $^ "$(DESTDIR)$(gsettingsschemadir)"; \
		test -n "$(GSETTINGS_DISABLE_SCHEMAS_COMPILE)$(DESTDIR)" || $(GLIB_COMPILE_SCHEMAS) $(gsettingsschemadir); \
		test -z "$(gsettingsschemadir)" || $(MKDIR_P) "$(DESTDIR)$(gsettingsschemadir)"; \
	      $(INSTALL_DATA) "$$d$$lc/$$f" "$$helpdir$$f" || exit 1; \
	      $(LN_S) -f "$(HELP_DIR)/C/$(HELP_ID)/$$f" "$$helpdir$$f" || exit 1; \
	      echo "$(INSTALL_DATA) $$d$$lc/$$f $$helpdir$$f"; \
	      echo "$(LN_S) -f $(HELP_DIR)/C/$(HELP_ID)/$$f $$helpdir$$f"; \
	    $(ITSTOOL) -o "$(notdir $@).tmp" $(_HELP_C_FILES) && \
	    $(ITSTOOL) -o "$(notdir $@).tmp" $(_HELP_C_FILES) && \
	    $(XMLLINT) --noout --noent --path "$$xmlpath" --xinclude "$$d$$lc/$$page"; \
	    cp -p "$$d$$lc/$$file" "$(distdir)/$$lc/" || exit 1; \
	    d="$(srcdir)/"; \
	    echo "$(XMLLINT) --noout --noent --path $$xmlpath --xinclude $$d$$lc/$$page"; \
	    echo "rm -f $$helpdir$$f"; \
	    elif test "x$$lc" != "xC"; then \
	    fi; \
	    helpdir="$(DESTDIR)$(HELP_DIR)/$$lc/$(HELP_ID)/"; \
	    helpdir="$(DESTDIR)$(HELP_DIR)/$$lc/$(HELP_ID)/"; \
	    if ! test -d "$$helpdir$$mdir"; then $(mkinstalldirs) "$$helpdir$$mdir"; fi; \
	    if test "x$mdir" = "x."; then mdir=""; fi; \
	    if test -f "$$d$$lc/$$f"; then \
	    if test -f "$$lc$$f"; then d=; else d="$(srcdir)/"; fi; \
	    if test -f "$$lc/$$file"; then d=./; else d=$(srcdir)/; fi; \
	    mdir=`dirname "$$f"`; \
	    msgmerge -o "$(notdir $@)" "$(notdir $@)" "$(notdir $@).tmp" && \
	    mv "$(notdir $@).tmp" "$(notdir $@)"); \
	    rm "$(notdir $@).tmp"); \
	    rm -f "$$helpdir$$f"; \
	    then d=; \
	    xmlpath="$$lc"; \
	    xmlpath="$$lc:$(srcdir)/$$lc"; \
	  $(INSTALL_DATA) "$$d$$f" "$$helpdir`basename $$f`" || exit 1; \
	  $(INSTALL_DATA) "$$d$$lc/$$f" "$$helpdir`basename $$f`" || exit 1; \
	  $(MKDIR_P) "$(distdir)/$$lc"; \
	  $(mkinstalldirs) "$(DESTDIR)$(HELP_DIR)/$$lc/$(HELP_ID)" || exit 1; \
	  (cd "$(dir $@)" && \
	  (cd "$(dir $@)" && \
	  done; \
	  done; \
	  done; \
	  done; \
	  echo "$(INSTALL_DATA) $$d$$f $$helpdir`basename $$f`"; \
	  echo "$(INSTALL_DATA) $$d$$lc/$$f $$helpdir`basename $$f`"; \
	  echo "rm -f $$helpdir`basename $$f`"; \
	  echo "rm -f $$helpdir`basename $$f`"; \
	  else \
	  fi; \
	  for file in $(HELP_FILES); do \
	  for lc in C $(_HELP_LINGUAS); do \
	  for lc in C $(_HELP_LINGUAS); do \
	  for page in $(HELP_FILES); do \
	  helpdir="$(DESTDIR)$(HELP_DIR)/$$lc/$(HELP_ID)/"; \
	  helpdir="$(DESTDIR)$(HELP_DIR)/$$lc/$(HELP_ID)/"; \
	  helpdir="$(DESTDIR)$(HELP_DIR)/$$lc/$(HELP_ID)/"; \
	  helpdir="$(DESTDIR)$(HELP_DIR)/$$lc/$(HELP_ID)/"; \
	  if ! test -d "$$helpdir"; then $(mkinstalldirs) "$$helpdir"; fi; \
	  if ! test -d "$$helpdir"; then $(mkinstalldirs) "$$helpdir"; fi; \
	  if test "x$(_HELP_V)" = "x0"; then echo "  GEN    $${po}"; fi; \
	  if test -d "$$lc"; \
	  if test -f "$$f"; then d=; else d="$(srcdir)/"; fi; \
	  if test -f "$$lc/$$f"; then d=; else d="$(srcdir)/"; fi; \
	  lc=`dirname "$$f"`; lc=`basename "$$lc"`; \
	  lc=`dirname "$$f"`; lc=`basename "$$lc"`; \
	  msgmerge -q -o "$${po}" "$${po}" "$(_HELP_POTFILE)"; \
	  rm -f "$$helpdir`basename $$f`"; \
	  rm -f "$$helpdir`basename $$f`"; \
	$(AM_V_GEN) glib-mkenums --comments '\''<!-- @comment@ -->'\'' --fhead "<schemalist>" --vhead "  <@type@ id='\''$(gsettings_ENUM_NAMESPACE).@EnumName@'\''>" --vprod "    <value nick='\''@valuenick@'\'' value='\''@valuenum@'\''/>" --vtail "  </@type@>" --ftail "</schemalist>" $^ > $@.tmp && mv $@.tmp $@
	$(AM_V_GEN) if test -f "$<"; then d=; else d="$(srcdir)/"; fi; $(GLIB_COMPILE_SCHEMAS) --strict --dry-run $(addprefix --schema-file=,$(gsettings__enum_file)) --schema-file=$${d}$< && touch $@
	$(AM_V_GEN)$(ITSTOOL) -o "$@" $(_HELP_C_FILES)
	$(AM_V_GEN)if ! test -f "$@"; then \
	$(AM_V_GEN)msgfmt -o "$@" "$<"
	$(AM_V_at)for po in $(_HELP_POFILES); do \
	$(AM_V_at)if ! test -d "$(dir $@)"; then mkdir "$(dir $@)"; fi
	$(AM_V_at)if ! test -d "$(dir $@)"; then mkdir "$(dir $@)"; fi
	$(AM_V_at)if ! test -d "$(dir $@)"; then mkdir "$(dir $@)"; fi
	$(AM_V_at)if test ! -f "$@" -a -f "$(srcdir)/$@"; then cp "$(srcdir)/$@" "$@"; fi
	$(_HELP_LC_VERBOSE)if test -d "C"; then d="../"; else d="$(abs_srcdir)/"; fi; \
	(cd "$(dir $@)" && $(ITSTOOL) -m "$${mo}" $(foreach f,$(_HELP_C_FILES),$${d}/$(f))) && \
	@$(NORMAL_INSTALL)
	@$(NORMAL_UNINSTALL)
	@for f in $(HELP_MEDIA); do \
	@for f in $(HELP_MEDIA); do \
	@for f in $(_HELP_C_EXTRA); do \
	@for f in $(_HELP_C_EXTRA); do \
	@for lc in C $(HELP_LINGUAS); do \
	@for lc in C $(_HELP_LINGUAS); do \
	@for lc in C $(_HELP_LINGUAS); do for f in $(HELP_FILES); do \
	@list='\''$(gsettings_SCHEMAS) $(gsettings__enum_file)'\''; test -n "$(gsettingsschemadir)" || list=; \
	cd "$(DESTDIR)$(gsettingsschemadir)" && rm -f $$files
	done
	done
	done
	done
	done
	done
	done;
	done; \
	done; done
	done; done
	echo " ( cd '\''$(DESTDIR)$(gsettingsschemadir)'\'' && rm -f" $$files ")"; \
	else \
	fi
	fi
	files=`for p in $$list; do echo $$p; done | sed -e '\''s|^.*/||'\''`; \
	for lc in C $(_HELP_LINGUAS); do \
	for lc in C $(_HELP_LINGUAS); do for f in $(HELP_FILES); do \
	if test -f "$${mo}"; then mo="../$${mo}"; else mo="$(abs_srcdir)/$${mo}"; fi; \
	if test -n "$^"; then \
	mo="$(dir $@)$(patsubst %/$(notdir $@),%,$@).mo"; \
	rm -f $(_HELP_LC_FILES) $(_HELP_LC_STAMPS) $(_HELP_MOFILES)
	rm -f $(gsettings_SCHEMAS:.xml=.valid) $(gsettings__enum_file)
	test -n "$$files" || exit 0; \
	test -n "$(GSETTINGS_DISABLE_SCHEMAS_COMPILE)$(DESTDIR)" || $(GLIB_COMPILE_SCHEMAS) $(gsettingsschemadir)
	touch "$@"
$(_HELP_LC_FILES): $(_HELP_LINGUAS)
$(_HELP_LC_STAMPS): $(_HELP_C_FILES) $(_HELP_C_EXTRA)
$(_HELP_LC_STAMPS): %.stamp: %.mo
$(_HELP_LINGUAS): $(_HELP_LC_STAMPS)
$(_HELP_MOFILES): %.mo: %.po
$(_HELP_POFILES):
$(_HELP_POTFILE): $(_HELP_C_FILES) $(_HELP_C_EXTRA) $(_HELP_C_MEDIA)
$(gsettings__enum_file): $(gsettings_ENUM_FILES)
%.gschema.valid: %.gschema.xml $(gsettings__enum_file)
'
.PHONY : uninstall-gsettings-schemas install-gsettings-schemas clean-gsettings-schemas
.PHONY: check-help
.PHONY: clean-help
.PHONY: install-help
.PHONY: pot
.PHONY: repo
.PHONY: uninstall-help
.SECONDARY: $(gsettings_SCHEMAS)
ACLOCAL='${SHELL} /root/rpmbuild/SOURCES/deja-dup-21.2/missing --run aclocal-1.11'
ALL_LINGUAS=''
AMDEPBACKSLASH='\'
AMDEP_FALSE='#'
AMDEP_TRUE=''
AMTAR='$${TAR-tar}'
AM_BACKSLASH='\'
AM_DEFAULT_V='$(AM_DEFAULT_VERBOSITY)'
AM_DEFAULT_VERBOSITY='0'
AM_V='$(V)'
AR='ar'
AUTOCONF='${SHELL} /root/rpmbuild/SOURCES/deja-dup-21.2/missing --run autoconf'
AUTOHEADER='${SHELL} /root/rpmbuild/SOURCES/deja-dup-21.2/missing --run autoheader'
AUTOMAKE='${SHELL} /root/rpmbuild/SOURCES/deja-dup-21.2/missing --run automake-1.11'
AWK='gawk'
CC='gcc'
CCDEPMODE='depmode=gcc3'
CCPANEL_CFLAGS=''
CCPANEL_DIR=''
CCPANEL_LIBS=''
CFLAGS='-g -O2'
COMMON_CFLAGS='-pthread -I/usr/include/glib-2.0 -I/usr/lib/glib-2.0/include -I/usr/include/gio-unix-2.0/ -I/usr/include/gnome-keyring-1 -I/usr/include/libpeas-1.0 -I/usr/include/gobject-introspection-1.0 -I/usr/lib/libffi-3.0.10/include  '
COMMON_LIBS='-Wl,--export-dynamic -pthread -lgnome-keyring -lpeas-1.0 -lgio-2.0 -lgirepository-1.0 -lgobject-2.0 -lgthread-2.0 -lffi -lgmodule-2.0 -lrt -lglib-2.0  '
CPP='gcc -E'
CPPFLAGS=''
CYGPATH_W='echo'
DATADIRNAME='share'
DEFS='-DHAVE_CONFIG_H'
DEPDIR='.deps'
DLLTOOL='false'
DSYMUTIL=''
DUMPBIN=''
DUP_CFLAGS='-pthread -I/usr/include/gtk-3.0 -I/usr/include/pango-1.0 -I/usr/include/gio-unix-2.0/ -I/usr/include/atk-1.0 -I/usr/include/cairo -I/usr/include/gdk-pixbuf-2.0 -I/usr/include/freetype2 -I/usr/include/glib-2.0 -I/usr/lib/glib-2.0/include -I/usr/include/pixman-1 -I/usr/include/libpng15 -I/usr/include/gnome-keyring-1 -I/usr/include/libpeas-1.0 -I/usr/include/gobject-introspection-1.0 -I/usr/lib/libffi-3.0.10/include  '
DUP_LIBS='-Wl,--export-dynamic -pthread -lgtk-3 -lgdk-3 -latk-1.0 -lpangocairo-1.0 -lcairo-gobject -lpango-1.0 -lcairo -lgnome-keyring -lpeas-1.0 -lgirepository-1.0 -lgthread-2.0 -lffi -lgmodule-2.0 -lrt -lnotify -lgdk_pixbuf-2.0 -lgio-2.0 -lgobject-2.0 -lglib-2.0  '
ECHO_C=''
ECHO_N='-n'
ECHO_T=''
EGREP='/usr/bin/grep -E'
EXEEXT=''
EXTRA_DIST += $(_HELP_C_EXTRA) $(_HELP_C_MEDIA)
EXTRA_DIST += $(foreach f,$(HELP_MEDIA),$(foreach lc,$(HELP_LINGUAS),$(wildcard $(lc)/$(f))))
EXTRA_DIST += $(foreach lc,$(HELP_LINGUAS),$(lc)/$(lc).po)
EXTRA_DIST += $(foreach lc,$(HELP_LINGUAS),$(lc)/$(lc).stamp)
EXTRA_DIST ?=
FGREP='/usr/bin/grep -F'
GETTEXT_MACRO_VERSION='0.17'
GETTEXT_PACKAGE='deja-dup'
GLIB_COMPILE_SCHEMAS='glib-compile-schemas'
GMSGFMT='/usr/bin/msgfmt'
GMSGFMT_015='/usr/bin/msgfmt'
GREP='/usr/bin/grep'
GSETTINGS_DISABLE_SCHEMAS_COMPILE=''
GSETTINGS_RULES='
GTK_MODULE='gtk+-3.0'
HAVE_CCPANEL_FALSE=''
HAVE_CCPANEL_TRUE='#'
HAVE_NAUTILUS_FALSE='#'
HAVE_NAUTILUS_TRUE=''
HELP_DIR='${datadir}/help'
HELP_EXTRA ?=
HELP_FILES ?=
HELP_ID ?=
HELP_LINGUAS ?=
HELP_MEDIA ?=
HELP_POT ?=
INSTALL_DATA='${INSTALL} -m 644'
INSTALL_PROGRAM='${INSTALL}'
INSTALL_SCRIPT='${INSTALL}'
INSTALL_STRIP_PROGRAM='$(install_sh) -c -s'
INTLLIBS=''
INTLTOOL_CAVES_RULE='%.caves:     %.caves.in     $(INTLTOOL_MERGE) $(wildcard $(top_srcdir)/po/*.po) ; $(INTLTOOL_V_MERGE)LC_ALL=C $(INTLTOOL_MERGE) $(INTLTOOL_V_MERGE_OPTIONS) -d -u -c $(top_builddir)/po/.intltool-merge-cache $(top_srcdir)/po $< $@'
INTLTOOL_DESKTOP_RULE='%.desktop:   %.desktop.in   $(INTLTOOL_MERGE) $(wildcard $(top_srcdir)/po/*.po) ; $(INTLTOOL_V_MERGE)LC_ALL=C $(INTLTOOL_MERGE) $(INTLTOOL_V_MERGE_OPTIONS) -d -u -c $(top_builddir)/po/.intltool-merge-cache $(top_srcdir)/po $< $@'
INTLTOOL_DIRECTORY_RULE='%.directory: %.directory.in $(INTLTOOL_MERGE) $(wildcard $(top_srcdir)/po/*.po) ; $(INTLTOOL_V_MERGE)LC_ALL=C $(INTLTOOL_MERGE) $(INTLTOOL_V_MERGE_OPTIONS) -d -u -c $(top_builddir)/po/.intltool-merge-cache $(top_srcdir)/po $< $@'
INTLTOOL_EXTRACT='/usr/bin/intltool-extract'
INTLTOOL_KBD_RULE='%.kbd:       %.kbd.in       $(INTLTOOL_MERGE) $(wildcard $(top_srcdir)/po/*.po) ; $(INTLTOOL_V_MERGE)LC_ALL=C $(INTLTOOL_MERGE) $(INTLTOOL_V_MERGE_OPTIONS) -x -u -m -c $(top_builddir)/po/.intltool-merge-cache $(top_srcdir)/po $< $@'
INTLTOOL_KEYS_RULE='%.keys:      %.keys.in      $(INTLTOOL_MERGE) $(wildcard $(top_srcdir)/po/*.po) ; $(INTLTOOL_V_MERGE)LC_ALL=C $(INTLTOOL_MERGE) $(INTLTOOL_V_MERGE_OPTIONS) -k -u -c $(top_builddir)/po/.intltool-merge-cache $(top_srcdir)/po $< $@'
INTLTOOL_MERGE='/usr/bin/intltool-merge'
INTLTOOL_OAF_RULE='%.oaf:       %.oaf.in       $(INTLTOOL_MERGE) $(wildcard $(top_srcdir)/po/*.po) ; $(INTLTOOL_V_MERGE)LC_ALL=C $(INTLTOOL_MERGE) $(INTLTOOL_V_MERGE_OPTIONS) -o -p $(top_srcdir)/po $< $@'
INTLTOOL_PERL='/usr/bin/perl'
INTLTOOL_POLICY_RULE='%.policy:    %.policy.in    $(INTLTOOL_MERGE) $(wildcard $(top_srcdir)/po/*.po) ; $(INTLTOOL_V_MERGE)LC_ALL=C $(INTLTOOL_MERGE) $(INTLTOOL_V_MERGE_OPTIONS) -x -u -c $(top_builddir)/po/.intltool-merge-cache $(top_srcdir)/po $< $@'
INTLTOOL_PONG_RULE='%.pong:      %.pong.in      $(INTLTOOL_MERGE) $(wildcard $(top_srcdir)/po/*.po) ; $(INTLTOOL_V_MERGE)LC_ALL=C $(INTLTOOL_MERGE) $(INTLTOOL_V_MERGE_OPTIONS) -x -u -c $(top_builddir)/po/.intltool-merge-cache $(top_srcdir)/po $< $@'
INTLTOOL_PROP_RULE='%.prop:      %.prop.in      $(INTLTOOL_MERGE) $(wildcard $(top_srcdir)/po/*.po) ; $(INTLTOOL_V_MERGE)LC_ALL=C $(INTLTOOL_MERGE) $(INTLTOOL_V_MERGE_OPTIONS) -d -u -c $(top_builddir)/po/.intltool-merge-cache $(top_srcdir)/po $< $@'
INTLTOOL_SCHEMAS_RULE='%.schemas:   %.schemas.in   $(INTLTOOL_MERGE) $(wildcard $(top_srcdir)/po/*.po) ; $(INTLTOOL_V_MERGE)LC_ALL=C $(INTLTOOL_MERGE) $(INTLTOOL_V_MERGE_OPTIONS) -s -u -c $(top_builddir)/po/.intltool-merge-cache $(top_srcdir)/po $< $@'
INTLTOOL_SERVER_RULE='%.server:    %.server.in    $(INTLTOOL_MERGE) $(wildcard $(top_srcdir)/po/*.po) ; $(INTLTOOL_V_MERGE)LC_ALL=C $(INTLTOOL_MERGE) $(INTLTOOL_V_MERGE_OPTIONS) -o -u -c $(top_builddir)/po/.intltool-merge-cache $(top_srcdir)/po $< $@'
INTLTOOL_SERVICE_RULE='%.service: %.service.in   $(INTLTOOL_MERGE) $(wildcard $(top_srcdir)/po/*.po) ; $(INTLTOOL_V_MERGE)LC_ALL=C $(INTLTOOL_MERGE) $(INTLTOOL_V_MERGE_OPTIONS) -d -u -c $(top_builddir)/po/.intltool-merge-cache $(top_srcdir)/po $< $@'
INTLTOOL_SHEET_RULE='%.sheet:     %.sheet.in     $(INTLTOOL_MERGE) $(wildcard $(top_srcdir)/po/*.po) ; $(INTLTOOL_V_MERGE)LC_ALL=C $(INTLTOOL_MERGE) $(INTLTOOL_V_MERGE_OPTIONS) -x -u -c $(top_builddir)/po/.intltool-merge-cache $(top_srcdir)/po $< $@'
INTLTOOL_SOUNDLIST_RULE='%.soundlist: %.soundlist.in $(INTLTOOL_MERGE) $(wildcard $(top_srcdir)/po/*.po) ; $(INTLTOOL_V_MERGE)LC_ALL=C $(INTLTOOL_MERGE) $(INTLTOOL_V_MERGE_OPTIONS) -d -u -c $(top_builddir)/po/.intltool-merge-cache $(top_srcdir)/po $< $@'
INTLTOOL_THEME_RULE='%.theme:     %.theme.in     $(INTLTOOL_MERGE) $(wildcard $(top_srcdir)/po/*.po) ; $(INTLTOOL_V_MERGE)LC_ALL=C $(INTLTOOL_MERGE) $(INTLTOOL_V_MERGE_OPTIONS) -d -u -c $(top_builddir)/po/.intltool-merge-cache $(top_srcdir)/po $< $@'
INTLTOOL_UI_RULE='%.ui:        %.ui.in        $(INTLTOOL_MERGE) $(wildcard $(top_srcdir)/po/*.po) ; $(INTLTOOL_V_MERGE)LC_ALL=C $(INTLTOOL_MERGE) $(INTLTOOL_V_MERGE_OPTIONS) -x -u -c $(top_builddir)/po/.intltool-merge-cache $(top_srcdir)/po $< $@'
INTLTOOL_UPDATE='/usr/bin/intltool-update'
INTLTOOL_V_MERGE='$(INTLTOOL__v_MERGE_$(V))'
INTLTOOL_V_MERGE_OPTIONS='$(intltool__v_merge_options_$(V))'
INTLTOOL_XAM_RULE='%.xam:       %.xml.in       $(INTLTOOL_MERGE) $(wildcard $(top_srcdir)/po/*.po) ; $(INTLTOOL_V_MERGE)LC_ALL=C $(INTLTOOL_MERGE) $(INTLTOOL_V_MERGE_OPTIONS) -x -u -c $(top_builddir)/po/.intltool-merge-cache $(top_srcdir)/po $< $@'
INTLTOOL_XML_NOMERGE_RULE='%.xml:       %.xml.in       $(INTLTOOL_MERGE) ; $(INTLTOOL_V_MERGE)LC_ALL=C $(INTLTOOL_MERGE) $(INTLTOOL_V_MERGE_OPTIONS) -x -u --no-translations $< $@'
INTLTOOL_XML_RULE='%.xml:       %.xml.in       $(INTLTOOL_MERGE) $(wildcard $(top_srcdir)/po/*.po) ; $(INTLTOOL_V_MERGE)LC_ALL=C $(INTLTOOL_MERGE) $(INTLTOOL_V_MERGE_OPTIONS) -x -u -c $(top_builddir)/po/.intltool-merge-cache $(top_srcdir)/po $< $@'
INTLTOOL__v_MERGE_0='@echo "  ITMRG " $@;'
INTLTOOL__v_MERGE_='$(INTLTOOL__v_MERGE_$(AM_DEFAULT_VERBOSITY))'
INTL_MACOSX_LIBS=''
ITSTOOL='itstool'
LD='/usr/bin/ld'
LDFLAGS=''
LIBICONV='-liconv'
LIBINTL=''
LIBOBJS=''
LIBS=''
LIBTOOL='$(SHELL) $(top_builddir)/libtool'
LIPO=''
LN_S='ln -s'
LTLIBICONV='-liconv'
LTLIBINTL=''
LTLIBOBJS=''
MAKEINFO='${SHELL} /root/rpmbuild/SOURCES/deja-dup-21.2/missing --run makeinfo'
MANIFEST_TOOL=':'
MKDIR_P='/usr/bin/mkdir -p'
MONITOR_CFLAGS='-pthread -I/usr/include/glib-2.0 -I/usr/lib/glib-2.0/include -I/usr/include/libpeas-1.0 -I/usr/include/gobject-introspection-1.0 -I/usr/lib/libffi-3.0.10/include -I/usr/include/gdk-pixbuf-2.0 -I/usr/include/libpng15  '
MONITOR_LIBS='-Wl,--export-dynamic -pthread -lpeas-1.0 -lgirepository-1.0 -lgmodule-2.0 -lgthread-2.0 -lrt -lffi -lnotify -lgdk_pixbuf-2.0 -lgio-2.0 -lgobject-2.0 -lglib-2.0  '
MSGFMT='/usr/bin/msgfmt'
MSGFMT_015='/usr/bin/msgfmt'
MSGMERGE='/usr/bin/msgmerge'
NAUTILUS_CFLAGS='-pthread -I/usr/include/nautilus -I/usr/include/glib-2.0 -I/usr/lib/glib-2.0/include -I/usr/include/gtk-3.0 -I/usr/include/pango-1.0 -I/usr/include/gio-unix-2.0/ -I/usr/include/atk-1.0 -I/usr/include/cairo -I/usr/include/gdk-pixbuf-2.0 -I/usr/include/freetype2 -I/usr/include/pixman-1 -I/usr/include/libpng15  '
NAUTILUS_EXTENSION_DIR='/usr/lib/nautilus/extensions-3.0'
NAUTILUS_LIBS='-lnautilus-extension -lgtk-3 -lgdk-3 -latk-1.0 -lgio-2.0 -lpangocairo-1.0 -lgdk_pixbuf-2.0 -lcairo-gobject -lpango-1.0 -lcairo -lgobject-2.0 -lglib-2.0  '
NM='/usr/bin/nm -B'
NMEDIT=''
OBJDUMP='objdump'
OBJEXT='o'
OTOOL64=''
OTOOL=''
PACKAGE='deja-dup'
PACKAGE_BUGREPORT='https://bugs.launchpad.net/deja-dup/+filebug'
PACKAGE_NAME='Déjà Dup'
PACKAGE_STRING='Déjà Dup 23.90'
PACKAGE_TARNAME='deja-dup'
PACKAGE_URL='https://launchpad.net/deja-dup'
PACKAGE_VERSION='23.90'
PATH_SEPARATOR=':'
PKG_CONFIG='/usr/bin/pkg-config'
PKG_CONFIG_LIBDIR=''
PKG_CONFIG_PATH=''
POSUB='po'
PREF_CFLAGS='-pthread -I/usr/include/gtk-3.0 -I/usr/include/pango-1.0 -I/usr/include/gio-unix-2.0/ -I/usr/include/atk-1.0 -I/usr/include/cairo -I/usr/include/gdk-pixbuf-2.0 -I/usr/include/freetype2 -I/usr/include/glib-2.0 -I/usr/lib/glib-2.0/include -I/usr/include/pixman-1 -I/usr/include/libpng15 -I/usr/include/libpeas-1.0 -I/usr/include/gobject-introspection-1.0 -I/usr/lib/libffi-3.0.10/include  '
PREF_LIBS='-Wl,--export-dynamic -pthread -lgtk-3 -lgdk-3 -latk-1.0 -lpangocairo-1.0 -lgdk_pixbuf-2.0 -lcairo-gobject -lpango-1.0 -lcairo -lpeas-1.0 -lgio-2.0 -lgirepository-1.0 -lgobject-2.0 -lgmodule-2.0 -lgthread-2.0 -lrt -lffi -lglib-2.0  '
RANLIB='ranlib'
SED='/usr/bin/sed'
SET_MAKE=''
SHARED_VALAFLAGS='-D HAVE_VALAC_16'
SHELL='/bin/sh'
STRIP='strip'
UNITY_CFLAGS=''
UNITY_LIBS=''
UNITY_VALAFLAGS=''
USE_NLS='yes'
VALAC='/usr/bin/valac-0.16'
VERSION='23.90'
WIDGETS_CFLAGS='-pthread -I/usr/include/glib-2.0 -I/usr/lib/glib-2.0/include -I/usr/include/gtk-3.0 -I/usr/include/pango-1.0 -I/usr/include/gio-unix-2.0/ -I/usr/include/atk-1.0 -I/usr/include/cairo -I/usr/include/gdk-pixbuf-2.0 -I/usr/include/freetype2 -I/usr/include/pixman-1 -I/usr/include/libpng15 -I/usr/include/libpeas-1.0 -I/usr/include/gobject-introspection-1.0 -I/usr/lib/libffi-3.0.10/include  '
WIDGETS_LIBS='-Wl,--export-dynamic -pthread -lgtk-3 -lgdk-3 -latk-1.0 -lpangocairo-1.0 -lcairo-gobject -lpango-1.0 -lcairo -lpeas-1.0 -lgirepository-1.0 -lgmodule-2.0 -lgthread-2.0 -lrt -lffi -lnotify -lgdk_pixbuf-2.0 -lgio-2.0 -lgobject-2.0 -lglib-2.0  '
XGETTEXT='/usr/bin/xgettext'
XGETTEXT_015='/usr/bin/xgettext'
XGETTEXT_EXTRA_OPTIONS=''
XMLLINT='xmllint'
YELP_HELP_RULES='
_HELP_C_EXTRA = $(foreach f,$(HELP_EXTRA),C/$(f))
_HELP_C_FILES = $(foreach f,$(HELP_FILES),C/$(f))
_HELP_C_MEDIA = $(foreach f,$(HELP_MEDIA),C/$(f))
_HELP_DEFAULT_V = $(if $(AM_DEFAULT_VERBOSITY),$(AM_DEFAULT_VERBOSITY),1)
_HELP_LC_FILES = $(foreach lc,$(_HELP_LINGUAS),$(foreach f,$(HELP_FILES),$(lc)/$(f)))
_HELP_LC_STAMPS = $(foreach lc,$(_HELP_LINGUAS),$(lc)/$(lc).stamp)
_HELP_LC_VERBOSE = $(_HELP_LC_VERBOSE_$(_HELP_V))
_HELP_LC_VERBOSE_ = $(_HELP_LC_VERBOSE_$(_HELP_DEFAULT_V))
_HELP_LC_VERBOSE_0 = @echo "  GEN    "$(dir $@);
_HELP_LINGUAS = $(if $(filter environment,$(origin LINGUAS)),$(filter $(LINGUAS),$(HELP_LINGUAS)),$(HELP_LINGUAS))
_HELP_MOFILES = $(patsubst %.po,%.mo,$(_HELP_POFILES))
_HELP_POFILES = $(if $(HELP_ID),$(foreach lc,$(_HELP_LINGUAS),$(lc)/$(lc).po))
_HELP_POTFILE = $(if $(HELP_POT),$(HELP_POT),$(if $(HELP_ID),$(HELP_ID).pot))
_HELP_V = $(if $(V),$(V),$(_HELP_DEFAULT_V))
ac_ct_AR='ar'
ac_ct_CC='gcc'
ac_ct_DUMPBIN=''
all-am: $(gsettings_SCHEMAS:.xml=.valid)
all: $(_HELP_C_FILES) $(_HELP_C_EXTRA) $(_HELP_C_MEDIA) $(_HELP_LC_FILES) $(_HELP_POFILES)
am__EXEEXT_FALSE=''
am__EXEEXT_TRUE='#'
am__fastdepCC_FALSE='#'
am__fastdepCC_TRUE=''
am__include='include'
am__isrc=''
am__leading_dot='.'
am__nodep='_no'
am__quote=''
am__tar='tar --format=ustar -chf - "$$tardir"'
am__untar='tar -xf -'
bindir='${exec_prefix}/bin'
build='i686-pc-linux-gnu'
build_alias=''
build_cpu='i686'
build_os='linux-gnu'
build_vendor='pc'
check-help:
check: check-help
clean-gsettings-schemas:
clean-help:
datadir='${datarootdir}'
datarootdir='${prefix}/share'
distdir-help-files:
distdir: distdir-help-files
docdir='${datarootdir}/doc/${PACKAGE_TARNAME}'
dvidir='${docdir}'
endif'
exec_prefix='${prefix}'
gsettings__enum_file = $(addsuffix .enums.xml,$(gsettings_ENUM_NAMESPACE))
gsettingsschemadir='${datarootdir}/glib-2.0/schemas'
host='i686-pc-linux-gnu'
host_alias=''
host_cpu='i686'
host_os='linux-gnu'
host_vendor='pc'
htmldir='${docdir}'
ifdef gsettings_ENUM_NAMESPACE
includedir='${prefix}/include'
infodir='${datarootdir}/info'
install-data-am: $(if $(HELP_ID),install-help)
install-data-am: install-gsettings-schemas
install-gsettings-schemas: $(gsettings_SCHEMAS) $(gsettings__enum_file)
install-help:
install_sh='${SHELL} /root/rpmbuild/SOURCES/deja-dup-21.2/install-sh'
intltool__v_merge_options_0='-q'
intltool__v_merge_options_='$(intltool__v_merge_options_$(AM_DEFAULT_VERBOSITY))'
libdir='${exec_prefix}/lib'
libexecdir='${exec_prefix}/libexec'
localedir='${datarootdir}/locale'
localstatedir='${prefix}/var'
mandir='${datarootdir}/man'
mkdir_p='/usr/bin/mkdir -p'
mostlyclean-am: $(if $(HELP_ID),clean-help)
mostlyclean-am: clean-gsettings-schemas
oldincludedir='/usr/include'
pdfdir='${docdir}'
pot: $(_HELP_POTFILE)
prefix='/usr/local'
program_transform_name='s,x,x,'
psdir='${docdir}'
repo: $(_HELP_POTFILE)
sbindir='${exec_prefix}/sbin'
sharedstatedir='${prefix}/com'
sysconfdir='${prefix}/etc'
target_alias=''
uninstall-am: $(if $(HELP_ID),uninstall-help)
uninstall-am: uninstall-gsettings-schemas
uninstall-gsettings-schemas:
uninstall-help:

## ----------- ##
## confdefs.h. ##
## ----------- ##

/* confdefs.h */
#define PACKAGE_NAME "Déjà Dup"
#define PACKAGE_TARNAME "deja-dup"
#define PACKAGE_VERSION "23.90"
#define PACKAGE_STRING "Déjà Dup 23.90"
#define PACKAGE_BUGREPORT "https://bugs.launchpad.net/deja-dup/+filebug"
#define PACKAGE_URL "https://launchpad.net/deja-dup"
#define PACKAGE "deja-dup"
#define VERSION "23.90"
#define STDC_HEADERS 1
#define HAVE_SYS_TYPES_H 1
#define HAVE_SYS_STAT_H 1
#define HAVE_STDLIB_H 1
#define HAVE_STRING_H 1
#define HAVE_MEMORY_H 1
#define HAVE_STRINGS_H 1
#define HAVE_INTTYPES_H 1
#define HAVE_STDINT_H 1
#define HAVE_UNISTD_H 1
#define HAVE_DLFCN_H 1
#define LT_OBJDIR ".libs/"
#define GETTEXT_PACKAGE "deja-dup"
#define ENABLE_NLS 1
#define HAVE_GETTEXT 1
#define HAVE_DCGETTEXT 1
#define LOCALE_DIR "/usr/local/share/locale"
#define THEME_DIR "/usr/local/share/icons"
#define PKG_DATA_DIR "/usr/local/share/deja-dup"

configure: exit 0

## ---------------------- ##
## Running config.status. ##
## ---------------------- ##

This file was extended by Déjà Dup config.status 23.90, which was
generated by GNU Autoconf 2.68.  Invocation command line was

  CONFIG_FILES    = 
  CONFIG_HEADERS  = 
  CONFIG_LINKS    = 
  CONFIG_COMMANDS = 
  $ ./config.status 

on localhost.localdomain

config.status:1456: creating Makefile
config.status:1456: creating common/Makefile
config.status:1456: creating data/Makefile
config.status:1456: creating deja-dup/Makefile
config.status:1456: creating help/Makefile
config.status:1456: creating man/Makefile
config.status:1456: creating monitor/Makefile
config.status:1456: creating nautilus/Makefile
config.status:1456: creating po/Makefile.in
config.status:1456: creating preferences/Makefile
config.status:1456: creating tests/Makefile
config.status:1456: creating tests/runner/Makefile
config.status:1456: creating tests/scripts/Makefile
config.status:1456: creating tests/unit/Makefile
config.status:1456: creating tools/Makefile
config.status:1456: creating tools/duplicity/Makefile
config.status:1456: creating vapi/Makefile
config.status:1456: creating widgets/Makefile
config.status:1456: creating plugins/Makefile
config.status:1456: creating plugins/apps/Makefile
config.status:1456: creating config.h
config.status:1637: config.h is unchanged
config.status:1685: executing depfiles commands
config.status:1685: executing libtool commands
config.status:1685: executing po-directories commands
config.status:1685: executing po/stamp-it commands

## ---------------------- ##
## Running config.status. ##
## ---------------------- ##

This file was extended by Déjà Dup config.status 23.90, which was
generated by GNU Autoconf 2.68.  Invocation command line was

  CONFIG_FILES    = 
  CONFIG_HEADERS  = 
  CONFIG_LINKS    = 
  CONFIG_COMMANDS = 
  $ ./config.status config.h

on localhost.localdomain

config.status:1456: creating config.h
config.status:1637: config.h is unchanged
